<?xml version="1.0" encoding="UTF-8"?>
<!-- Generated by org.testng.reporters.JUnitXMLReporter -->
<testsuite ignored="0" hostname="Akash" failures="0" tests="4" name="Surefire test" time="3.627" errors="0" timestamp="2025-01-28T23:48:40 IST">
  <testcase classname="costcalculationTest.TestClass" name="getRates" time="1.612"/>
  <testcase classname="costcalculationTest.TestClass" name="pagetitle" time="0.284"/>
  <testcase classname="costcalculationTest.TestClass" name="parkinglot" time="0.034"/>
  <testcase classname="costcalculationTest.TestClass" name="valet24hour" time="0.737"/>
</testsuite> <!-- Surefire test -->
