<?xml version="1.0" encoding="UTF-8"?>
<!-- Generated by org.testng.reporters.JUnitXMLReporter -->
<testsuite ignored="0" hostname="Akash" failures="0" tests="4" name="Default test" time="3.241" errors="0" timestamp="2025-01-28T23:41:41 IST">
  <testcase classname="costcalculationTest.TestClass" name="getRates" time="1.285"/>
  <testcase classname="costcalculationTest.TestClass" name="pagetitle" time="0.274"/>
  <testcase classname="costcalculationTest.TestClass" name="parkinglot" time="0.035"/>
  <testcase classname="costcalculationTest.TestClass" name="valet24hour" time="0.679"/>
</testsuite> <!-- Default test -->
