<?xml version="1.0" encoding="UTF-8"?>
<testng-results ignored="0" total="4" passed="4" failed="0" skipped="0">
  <reporter-output>
  </reporter-output>
  <suite started-at="2025-01-28T23:48:36 IST" name="Surefire suite" finished-at="2025-01-28T23:48:40 IST" duration-ms="3627">
    <groups>
    </groups>
    <test started-at="2025-01-28T23:48:36 IST" name="Surefire test" finished-at="2025-01-28T23:48:40 IST" duration-ms="3627">
      <class name="costcalculationTest.TestClass">
        <test-method is-config="true" signature="setup()[pri:0, instance:costcalculationTest.TestClass@619713e5]" started-at="2025-01-28T23:48:36 IST" name="setup" finished-at="2025-01-28T23:48:37 IST" duration-ms="935" status="PASS">
          <reporter-output>
          </reporter-output>
        </test-method> <!-- setup -->
        <test-method signature="getRates()[pri:0, instance:costcalculationTest.TestClass@619713e5]" started-at="2025-01-28T23:48:37 IST" name="getRates" finished-at="2025-01-28T23:48:39 IST" duration-ms="1612" status="PASS">
          <reporter-output>
          </reporter-output>
        </test-method> <!-- getRates -->
        <test-method signature="pagetitle()[pri:0, instance:costcalculationTest.TestClass@619713e5]" started-at="2025-01-28T23:48:39 IST" name="pagetitle" finished-at="2025-01-28T23:48:39 IST" duration-ms="284" status="PASS">
          <reporter-output>
          </reporter-output>
        </test-method> <!-- pagetitle -->
        <test-method signature="parkinglot()[pri:0, instance:costcalculationTest.TestClass@619713e5]" started-at="2025-01-28T23:48:39 IST" name="parkinglot" finished-at="2025-01-28T23:48:39 IST" duration-ms="34" status="PASS">
          <reporter-output>
          </reporter-output>
        </test-method> <!-- parkinglot -->
        <test-method signature="valet24hour()[pri:0, instance:costcalculationTest.TestClass@619713e5]" started-at="2025-01-28T23:48:39 IST" name="valet24hour" finished-at="2025-01-28T23:48:40 IST" duration-ms="737" status="PASS">
          <reporter-output>
          </reporter-output>
        </test-method> <!-- valet24hour -->
      </class> <!-- costcalculationTest.TestClass -->
    </test> <!-- Surefire test -->
  </suite> <!-- Surefire suite -->
</testng-results>
