<?xml version="1.0" encoding="UTF-8"?>
<testng-results ignored="0" total="4" passed="4" failed="0" skipped="0">
  <reporter-output>
  </reporter-output>
  <suite started-at="2025-01-28T23:45:15 IST" name="PageTitleTestSuite" finished-at="2025-01-28T23:45:18 IST" duration-ms="3625">
    <groups>
    </groups>
    <test started-at="2025-01-28T23:45:15 IST" name="PageTitleTests" finished-at="2025-01-28T23:45:18 IST" duration-ms="3625">
      <class name="costcalculationTest.TestClass">
        <test-method is-config="true" signature="setup()[pri:0, instance:costcalculationTest.TestClass@394df057]" started-at="2025-01-28T23:45:15 IST" name="setup" finished-at="2025-01-28T23:45:16 IST" duration-ms="956" status="PASS">
          <reporter-output>
          </reporter-output>
        </test-method> <!-- setup -->
        <test-method signature="getRates()[pri:0, instance:costcalculationTest.TestClass@394df057]" started-at="2025-01-28T23:45:16 IST" name="getRates" finished-at="2025-01-28T23:45:17 IST" duration-ms="1597" status="PASS">
          <reporter-output>
          </reporter-output>
        </test-method> <!-- getRates -->
        <test-method signature="pagetitle()[pri:0, instance:costcalculationTest.TestClass@394df057]" started-at="2025-01-28T23:45:17 IST" name="pagetitle" finished-at="2025-01-28T23:45:18 IST" duration-ms="275" status="PASS">
          <reporter-output>
          </reporter-output>
        </test-method> <!-- pagetitle -->
        <test-method signature="parkinglot()[pri:0, instance:costcalculationTest.TestClass@394df057]" started-at="2025-01-28T23:45:18 IST" name="parkinglot" finished-at="2025-01-28T23:45:18 IST" duration-ms="45" status="PASS">
          <reporter-output>
          </reporter-output>
        </test-method> <!-- parkinglot -->
        <test-method signature="valet24hour()[pri:0, instance:costcalculationTest.TestClass@394df057]" started-at="2025-01-28T23:45:18 IST" name="valet24hour" finished-at="2025-01-28T23:45:18 IST" duration-ms="719" status="PASS">
          <reporter-output>
          </reporter-output>
        </test-method> <!-- valet24hour -->
      </class> <!-- costcalculationTest.TestClass -->
    </test> <!-- PageTitleTests -->
  </suite> <!-- PageTitleTestSuite -->
</testng-results>
