<?xml version="1.0" encoding="UTF-8"?>
<!-- Generated by org.testng.reporters.JUnitXMLReporter -->
<testsuite ignored="0" hostname="Akash" failures="0" tests="4" name="PageTitleTests" time="3.625" errors="0" timestamp="2025-01-28T23:45:18 IST">
  <testcase classname="costcalculationTest.TestClass" name="getRates" time="1.597"/>
  <testcase classname="costcalculationTest.TestClass" name="pagetitle" time="0.275"/>
  <testcase classname="costcalculationTest.TestClass" name="parkinglot" time="0.045"/>
  <testcase classname="costcalculationTest.TestClass" name="valet24hour" time="0.719"/>
</testsuite> <!-- PageTitleTests -->
